This is pdfTeX, Version 3.141592653-2.6-1.40.26 (MiKTeX 24.4) (preloaded format=pdflatex 2025.1.20)  10 JUL 2025 19:59
entering extended mode
 restricted \write18 enabled.
 file:line:error style messages enabled.
 %&-line parsing enabled.
**"c:/Users/Jordan/Documents/University/APS360/Project/APS360-Project/Progress Report/APS360_Progress_Report.tex"
(c:/Users/Jordan/Documents/University/APS360/Project/APS360-Project/Progress Report/APS360_Progress_Report.tex
LaTeX2e <2024-11-01> patch level 1
L3 programming layer <2024-12-25>
(C:\Users\Jordan\AppData\Local\Programs\MiKTeX\tex/latex/base\article.cls
Document Class: article 2024/06/29 v1.4n Standard LaTeX document class
(C:\Users\Jordan\AppData\Local\Programs\MiKTeX\tex/latex/base\size10.clo
File: size10.clo 2024/06/29 v1.4n Standard LaTeX file (size option)
)
\c@part=\count196
\c@section=\count197
\c@subsection=\count198
\c@subsubsection=\count199
\c@paragraph=\count266
\c@subparagraph=\count267
\c@figure=\count268
\c@table=\count269
\abovecaptionskip=\skip49
\belowcaptionskip=\skip50
\bibindent=\dimen141
) (iclr2022_conference.sty (C:\Users\Jordan\AppData\Local\Programs\MiKTeX\tex/latex/eso-pic\eso-pic.sty
Package: eso-pic 2023/05/03 v3.0c eso-pic (RN)
\ESO@tempdima=\dimen142
\ESO@tempdimb=\dimen143
 (C:\Users\Jordan\AppData\Local\Programs\MiKTeX\tex/latex/graphics\keyval.sty
Package: keyval 2022/05/29 v1.15 key=value parser (DPC)
\KV@toks@=\toks17
) (C:\Users\Jordan\AppData\Local\Programs\MiKTeX\tex/latex/xcolor\xcolor.sty
Package: xcolor 2024/09/29 v3.02 LaTeX color extensions (UK)
 (C:\Users\Jordan\AppData\Local\Programs\MiKTeX\tex/latex/graphics-cfg\color.cfg
File: color.cfg 2016/01/02 v1.6 sample color configuration
)
Package xcolor Info: Driver file: pdftex.def on input line 274.
 (C:\Users\Jordan\AppData\Local\Programs\MiKTeX\tex/latex/graphics-def\pdftex.def
File: pdftex.def 2024/04/13 v1.2c Graphics/color driver for pdftex
) (C:\Users\Jordan\AppData\Local\Programs\MiKTeX\tex/latex/graphics\mathcolor.ltx)
Package xcolor Info: Model `cmy' substituted by `cmy0' on input line 1349.
Package xcolor Info: Model `hsb' substituted by `rgb' on input line 1353.
Package xcolor Info: Model `RGB' extended on input line 1365.
Package xcolor Info: Model `HTML' substituted by `rgb' on input line 1367.
Package xcolor Info: Model `Hsb' substituted by `hsb' on input line 1368.
Package xcolor Info: Model `tHsb' substituted by `hsb' on input line 1369.
Package xcolor Info: Model `HSB' substituted by `hsb' on input line 1370.
Package xcolor Info: Model `Gray' substituted by `gray' on input line 1371.
Package xcolor Info: Model `wave' substituted by `hsb' on input line 1372.
)) (fancyhdr.sty
\fancy@headwidth=\skip51
\f@ncyO@elh=\skip52
\f@ncyO@erh=\skip53
\f@ncyO@olh=\skip54
\f@ncyO@orh=\skip55
\f@ncyO@elf=\skip56
\f@ncyO@erf=\skip57
\f@ncyO@olf=\skip58
\f@ncyO@orf=\skip59
) (natbib.sty
Package: natbib 2009/07/16 8.31 (PWD, AO)
\bibhang=\skip60
\bibsep=\skip61
LaTeX Info: Redefining \cite on input line 694.
\c@NAT@ctr=\count270
)) (C:\Users\Jordan\AppData\Local\Programs\MiKTeX\tex/latex/psnfss\times.sty
Package: times 2020/03/25 PSNFSS-v9.3 (SPQR) 
) (math_commands.tex (C:\Users\Jordan\AppData\Local\Programs\MiKTeX\tex/latex/amsmath\amsmath.sty
Package: amsmath 2024/11/05 v2.17t AMS math features
\@mathmargin=\skip62

For additional information on amsmath, use the `?' option.
(C:\Users\Jordan\AppData\Local\Programs\MiKTeX\tex/latex/amsmath\amstext.sty
Package: amstext 2021/08/26 v2.01 AMS text
 (C:\Users\Jordan\AppData\Local\Programs\MiKTeX\tex/latex/amsmath\amsgen.sty
File: amsgen.sty 1999/11/30 v2.0 generic functions
\@emptytoks=\toks18
\ex@=\dimen144
)) (C:\Users\Jordan\AppData\Local\Programs\MiKTeX\tex/latex/amsmath\amsbsy.sty
Package: amsbsy 1999/11/29 v1.2d Bold Symbols
\pmbraise@=\dimen145
) (C:\Users\Jordan\AppData\Local\Programs\MiKTeX\tex/latex/amsmath\amsopn.sty
Package: amsopn 2022/04/08 v2.04 operator names
)
\inf@bad=\count271
LaTeX Info: Redefining \frac on input line 233.
\uproot@=\count272
\leftroot@=\count273
LaTeX Info: Redefining \overline on input line 398.
LaTeX Info: Redefining \colon on input line 409.
\classnum@=\count274
\DOTSCASE@=\count275
LaTeX Info: Redefining \ldots on input line 495.
LaTeX Info: Redefining \dots on input line 498.
LaTeX Info: Redefining \cdots on input line 619.
\Mathstrutbox@=\box52
\strutbox@=\box53
LaTeX Info: Redefining \big on input line 721.
LaTeX Info: Redefining \Big on input line 722.
LaTeX Info: Redefining \bigg on input line 723.
LaTeX Info: Redefining \Bigg on input line 724.
\big@size=\dimen146
LaTeX Font Info:    Redeclaring font encoding OML on input line 742.
LaTeX Font Info:    Redeclaring font encoding OMS on input line 743.
\macc@depth=\count276
LaTeX Info: Redefining \bmod on input line 904.
LaTeX Info: Redefining \pmod on input line 909.
LaTeX Info: Redefining \smash on input line 939.
LaTeX Info: Redefining \relbar on input line 969.
LaTeX Info: Redefining \Relbar on input line 970.
\c@MaxMatrixCols=\count277
\dotsspace@=\muskip17
\c@parentequation=\count278
\dspbrk@lvl=\count279
\tag@help=\toks19
\row@=\count280
\column@=\count281
\maxfields@=\count282
\andhelp@=\toks20
\eqnshift@=\dimen147
\alignsep@=\dimen148
\tagshift@=\dimen149
\tagwidth@=\dimen150
\totwidth@=\dimen151
\lineht@=\dimen152
\@envbody=\toks21
\multlinegap=\skip63
\multlinetaggap=\skip64
\mathdisplay@stack=\toks22
LaTeX Info: Redefining \[ on input line 2953.
LaTeX Info: Redefining \] on input line 2954.
) (C:\Users\Jordan\AppData\Local\Programs\MiKTeX\tex/latex/amsfonts\amsfonts.sty
Package: amsfonts 2013/01/14 v3.01 Basic AMSFonts support
\symAMSa=\mathgroup4
\symAMSb=\mathgroup5
LaTeX Font Info:    Redeclaring math symbol \hbar on input line 98.
LaTeX Font Info:    Overwriting math alphabet `\mathfrak' in version `bold'
(Font)                  U/euf/m/n --> U/euf/b/n on input line 106.
) (C:\Users\Jordan\AppData\Local\Programs\MiKTeX\tex/latex/tools\bm.sty
Package: bm 2023/12/19 v1.2f Bold Symbol Support (DPC/FMi)
\symboldoperators=\mathgroup6
\symboldletters=\mathgroup7
\symboldsymbols=\mathgroup8
Package bm Info: No bold for \OMX/cmex/m/n, using \pmb.
Package bm Info: No bold for \U/msa/m/n, using \pmb.
Package bm Info: No bold for \U/msb/m/n, using \pmb.
LaTeX Font Info:    Redeclaring math alphabet \mathbf on input line 149.
)
LaTeX Font Info:    Overwriting math alphabet `\mathsfit' in version `bold'
(Font)                  OT1/phv/m/sl --> OT1/phv/bx/n on input line 314.
) (C:\Users\Jordan\AppData\Local\Programs\MiKTeX\tex/latex/hyperref\hyperref.sty
Package: hyperref 2024-11-05 v7.01l Hypertext links for LaTeX
 (C:\Users\Jordan\AppData\Local\Programs\MiKTeX\tex/generic/iftex\iftex.sty
Package: iftex 2024/12/12 v1.0g TeX engine tests
) (C:\Users\Jordan\AppData\Local\Programs\MiKTeX\tex/latex/kvsetkeys\kvsetkeys.sty
Package: kvsetkeys 2022-10-05 v1.19 Key value parser (HO)
) (C:\Users\Jordan\AppData\Local\Programs\MiKTeX\tex/generic/kvdefinekeys\kvdefinekeys.sty
Package: kvdefinekeys 2019-12-19 v1.6 Define keys (HO)
) (C:\Users\Jordan\AppData\Local\Programs\MiKTeX\tex/generic/pdfescape\pdfescape.sty
Package: pdfescape 2019/12/09 v1.15 Implements pdfTeX's escape features (HO)
 (C:\Users\Jordan\AppData\Local\Programs\MiKTeX\tex/generic/ltxcmds\ltxcmds.sty
Package: ltxcmds 2023-12-04 v1.26 LaTeX kernel commands for general use (HO)
) (C:\Users\Jordan\AppData\Local\Programs\MiKTeX\tex/generic/pdftexcmds\pdftexcmds.sty
Package: pdftexcmds 2020-06-27 v0.33 Utility functions of pdfTeX for LuaTeX (HO)
 (C:\Users\Jordan\AppData\Local\Programs\MiKTeX\tex/generic/infwarerr\infwarerr.sty
Package: infwarerr 2019/12/03 v1.5 Providing info/warning/error messages (HO)
)
Package pdftexcmds Info: \pdf@primitive is available.
Package pdftexcmds Info: \pdf@ifprimitive is available.
Package pdftexcmds Info: \pdfdraftmode found.
)) (C:\Users\Jordan\AppData\Local\Programs\MiKTeX\tex/latex/hycolor\hycolor.sty
Package: hycolor 2020-01-27 v1.10 Color options for hyperref/bookmark (HO)
) (C:\Users\Jordan\AppData\Local\Programs\MiKTeX\tex/latex/hyperref\nameref.sty
Package: nameref 2023-11-26 v2.56 Cross-referencing by name of section
 (C:\Users\Jordan\AppData\Local\Programs\MiKTeX\tex/latex/refcount\refcount.sty
Package: refcount 2019/12/15 v3.6 Data extraction from label references (HO)
) (C:\Users\Jordan\AppData\Local\Programs\MiKTeX\tex/generic/gettitlestring\gettitlestring.sty
Package: gettitlestring 2019/12/15 v1.6 Cleanup title references (HO)
 (C:\Users\Jordan\AppData\Local\Programs\MiKTeX\tex/latex/kvoptions\kvoptions.sty
Package: kvoptions 2022-06-15 v3.15 Key value format for package options (HO)
))
\c@section@level=\count283
) (C:\Users\Jordan\AppData\Local\Programs\MiKTeX\tex/latex/etoolbox\etoolbox.sty
Package: etoolbox 2020/10/05 v2.5k e-TeX tools for LaTeX (JAW)
\etb@tempcnta=\count284
) (C:\Users\Jordan\AppData\Local\Programs\MiKTeX\tex/generic/stringenc\stringenc.sty
Package: stringenc 2019/11/29 v1.12 Convert strings between diff. encodings (HO)
)
\@linkdim=\dimen153
\Hy@linkcounter=\count285
\Hy@pagecounter=\count286
 (C:\Users\Jordan\AppData\Local\Programs\MiKTeX\tex/latex/hyperref\pd1enc.def
File: pd1enc.def 2024-11-05 v7.01l Hyperref: PDFDocEncoding definition (HO)
Now handling font encoding PD1 ...
... no UTF-8 mapping file for font encoding PD1
) (C:\Users\Jordan\AppData\Local\Programs\MiKTeX\tex/generic/intcalc\intcalc.sty
Package: intcalc 2019/12/15 v1.3 Expandable calculations with integers (HO)
)
\Hy@SavedSpaceFactor=\count287
 (C:\Users\Jordan\AppData\Local\Programs\MiKTeX\tex/latex/hyperref\puenc.def
File: puenc.def 2024-11-05 v7.01l Hyperref: PDF Unicode definition (HO)
Now handling font encoding PU ...
... no UTF-8 mapping file for font encoding PU
)
Package hyperref Info: Hyper figures OFF on input line 4157.
Package hyperref Info: Link nesting OFF on input line 4162.
Package hyperref Info: Hyper index ON on input line 4165.
Package hyperref Info: Plain pages OFF on input line 4172.
Package hyperref Info: Backreferencing OFF on input line 4177.
Package hyperref Info: Implicit mode ON; LaTeX internals redefined.
Package hyperref Info: Bookmarks ON on input line 4424.
\c@Hy@tempcnt=\count288
 (C:\Users\Jordan\AppData\Local\Programs\MiKTeX\tex/latex/url\url.sty
\Urlmuskip=\muskip18
Package: url 2013/09/16  ver 3.4  Verb mode for urls, etc.
)
LaTeX Info: Redefining \url on input line 4763.
\XeTeXLinkMargin=\dimen154
 (C:\Users\Jordan\AppData\Local\Programs\MiKTeX\tex/generic/bitset\bitset.sty
Package: bitset 2019/12/09 v1.3 Handle bit-vector datatype (HO)
 (C:\Users\Jordan\AppData\Local\Programs\MiKTeX\tex/generic/bigintcalc\bigintcalc.sty
Package: bigintcalc 2019/12/15 v1.5 Expandable calculations on big integers (HO)
))
\Fld@menulength=\count289
\Field@Width=\dimen155
\Fld@charsize=\dimen156
Package hyperref Info: Hyper figures OFF on input line 6042.
Package hyperref Info: Link nesting OFF on input line 6047.
Package hyperref Info: Hyper index ON on input line 6050.
Package hyperref Info: backreferencing OFF on input line 6057.
Package hyperref Info: Link coloring OFF on input line 6062.
Package hyperref Info: Link coloring with OCG OFF on input line 6067.
Package hyperref Info: PDF/A mode OFF on input line 6072.
 (C:\Users\Jordan\AppData\Local\Programs\MiKTeX\tex/latex/base\atbegshi-ltx.sty
Package: atbegshi-ltx 2021/01/10 v1.0c Emulation of the original atbegshi
package with kernel methods
)
\Hy@abspage=\count290
\c@Item=\count291
\c@Hfootnote=\count292
)
Package hyperref Info: Driver (autodetected): hpdftex.
 (C:\Users\Jordan\AppData\Local\Programs\MiKTeX\tex/latex/hyperref\hpdftex.def
File: hpdftex.def 2024-11-05 v7.01l Hyperref driver for pdfTeX
 (C:\Users\Jordan\AppData\Local\Programs\MiKTeX\tex/latex/base\atveryend-ltx.sty
Package: atveryend-ltx 2020/08/19 v1.0a Emulation of the original atveryend package
with kernel methods
)
\Fld@listcount=\count293
\c@bookmark@seq@number=\count294
 (C:\Users\Jordan\AppData\Local\Programs\MiKTeX\tex/latex/rerunfilecheck\rerunfilecheck.sty
Package: rerunfilecheck 2022-07-10 v1.10 Rerun checks for auxiliary files (HO)
 (C:\Users\Jordan\AppData\Local\Programs\MiKTeX\tex/generic/uniquecounter\uniquecounter.sty
Package: uniquecounter 2019/12/15 v1.4 Provide unlimited unique counter (HO)
)
Package uniquecounter Info: New unique counter `rerunfilecheck' on input line 285.
)
\Hy@SectionHShift=\skip65
) (C:\Users\Jordan\AppData\Local\Programs\MiKTeX\tex/latex/graphics\graphicx.sty
Package: graphicx 2021/09/16 v1.2d Enhanced LaTeX Graphics (DPC,SPQR)
 (C:\Users\Jordan\AppData\Local\Programs\MiKTeX\tex/latex/graphics\graphics.sty
Package: graphics 2024/08/06 v1.4g Standard LaTeX Graphics (DPC,SPQR)
 (C:\Users\Jordan\AppData\Local\Programs\MiKTeX\tex/latex/graphics\trig.sty
Package: trig 2023/12/02 v1.11 sin cos tan (DPC)
) (C:\Users\Jordan\AppData\Local\Programs\MiKTeX\tex/latex/graphics-cfg\graphics.cfg
File: graphics.cfg 2016/06/04 v1.11 sample graphics configuration
)
Package graphics Info: Driver file: pdftex.def on input line 106.
)
\Gin@req@height=\dimen157
\Gin@req@width=\dimen158
) (C:\Users\Jordan\AppData\Local\Programs\MiKTeX\tex/latex/booktabs\booktabs.sty
Package: booktabs 2020/01/12 v1.61803398 Publication quality tables
\heavyrulewidth=\dimen159
\lightrulewidth=\dimen160
\cmidrulewidth=\dimen161
\belowrulesep=\dimen162
\belowbottomsep=\dimen163
\aboverulesep=\dimen164
\abovetopsep=\dimen165
\cmidrulesep=\dimen166
\cmidrulekern=\dimen167
\defaultaddspace=\dimen168
\@cmidla=\count295
\@cmidlb=\count296
\@aboverulesep=\dimen169
\@belowrulesep=\dimen170
\@thisruleclass=\count297
\@lastruleclass=\count298
\@thisrulewidth=\dimen171
) (C:\Users\Jordan\AppData\Local\Programs\MiKTeX\tex/latex/multirow\multirow.sty
Package: multirow 2024/11/12 v2.9 Span multiple rows of a table
\multirow@colwidth=\skip66
\multirow@cntb=\count299
\multirow@dima=\skip67
\bigstrutjot=\dimen172
) (C:\Users\Jordan\AppData\Local\Programs\MiKTeX\tex/latex/tools\tabularx.sty
Package: tabularx 2023/12/11 v2.12a `tabularx' package (DPC)
 (C:\Users\Jordan\AppData\Local\Programs\MiKTeX\tex/latex/tools\array.sty
Package: array 2024/10/17 v2.6g Tabular extension package (FMi)
\col@sep=\dimen173
\ar@mcellbox=\box54
\extrarowheight=\dimen174
\NC@list=\toks23
\extratabsurround=\skip68
\backup@length=\skip69
\ar@cellbox=\box55
)
\TX@col@width=\dimen175
\TX@old@table=\dimen176
\TX@old@col=\dimen177
\TX@target=\dimen178
\TX@delta=\dimen179
\TX@cols=\count300
\TX@ftn=\toks24
)
LaTeX Font Info:    Trying to load font information for OT1+ptm on input line 48.
 (C:\Users\Jordan\AppData\Local\Programs\MiKTeX\tex/latex/psnfss\ot1ptm.fd
File: ot1ptm.fd 2001/06/04 font definitions for OT1/ptm.
) (C:\Users\Jordan\AppData\Local\Programs\MiKTeX\tex/latex/l3backend\l3backend-pdftex.def
File: l3backend-pdftex.def 2024-05-08 L3 backend support: PDF output (pdfTeX)
\l__color_backend_stack_int=\count301
\l__pdf_internal_box=\box56
) (APS360_Progress_Report.aux)
\openout1 = `APS360_Progress_Report.aux'.

LaTeX Font Info:    Checking defaults for OML/cmm/m/it on input line 48.
LaTeX Font Info:    ... okay on input line 48.
LaTeX Font Info:    Checking defaults for OMS/cmsy/m/n on input line 48.
LaTeX Font Info:    ... okay on input line 48.
LaTeX Font Info:    Checking defaults for OT1/cmr/m/n on input line 48.
LaTeX Font Info:    ... okay on input line 48.
LaTeX Font Info:    Checking defaults for T1/cmr/m/n on input line 48.
LaTeX Font Info:    ... okay on input line 48.
LaTeX Font Info:    Checking defaults for TS1/cmr/m/n on input line 48.
LaTeX Font Info:    ... okay on input line 48.
LaTeX Font Info:    Checking defaults for OMX/cmex/m/n on input line 48.
LaTeX Font Info:    ... okay on input line 48.
LaTeX Font Info:    Checking defaults for U/cmr/m/n on input line 48.
LaTeX Font Info:    ... okay on input line 48.
LaTeX Font Info:    Checking defaults for PD1/pdf/m/n on input line 48.
LaTeX Font Info:    ... okay on input line 48.
LaTeX Font Info:    Checking defaults for PU/pdf/m/n on input line 48.
LaTeX Font Info:    ... okay on input line 48.
 (C:\Users\Jordan\AppData\Local\Programs\MiKTeX\tex/context/base/mkii\supp-pdf.mkii
[Loading MPS to PDF converter (version 2006.09.02).]
\scratchcounter=\count302
\scratchdimen=\dimen180
\scratchbox=\box57
\nofMPsegments=\count303
\nofMParguments=\count304
\everyMPshowfont=\toks25
\MPscratchCnt=\count305
\MPscratchDim=\dimen181
\MPnumerator=\count306
\makeMPintoPDFobject=\count307
\everyMPtoPDFconversion=\toks26
) (C:\Users\Jordan\AppData\Local\Programs\MiKTeX\tex/latex/epstopdf-pkg\epstopdf-base.sty
Package: epstopdf-base 2020-01-24 v2.11 Base part for package epstopdf
Package epstopdf-base Info: Redefining graphics rule for `.eps' on input line 485.
 (C:\Users\Jordan\AppData\Local\Programs\MiKTeX\tex/latex/00miktex\epstopdf-sys.cfg
File: epstopdf-sys.cfg 2021/03/18 v2.0 Configuration of epstopdf for MiKTeX
))
Package hyperref Info: Link coloring OFF on input line 48.
 (APS360_Progress_Report.out) (APS360_Progress_Report.out)
\@outlinefile=\write3
\openout3 = `APS360_Progress_Report.out'.

LaTeX Font Info:    Trying to load font information for U+msa on input line 51.
 (C:\Users\Jordan\AppData\Local\Programs\MiKTeX\tex/latex/amsfonts\umsa.fd
File: umsa.fd 2013/01/14 v3.01 AMS symbols A
)
LaTeX Font Info:    Trying to load font information for U+msb on input line 51.
 (C:\Users\Jordan\AppData\Local\Programs\MiKTeX\tex/latex/amsfonts\umsb.fd
File: umsb.fd 2013/01/14 v3.01 AMS symbols B
)
LaTeX Font Info:    Trying to load font information for OT1+pcr on input line 51.
 (C:\Users\Jordan\AppData\Local\Programs\MiKTeX\tex/latex/psnfss\ot1pcr.fd
File: ot1pcr.fd 2001/06/04 font definitions for OT1/pcr.
)
<Figs/melanoma_incidence_mortality.png, id=56, 1204.5pt x 559.08875pt>
File: Figs/melanoma_incidence_mortality.png Graphic file (type png)
<use Figs/melanoma_incidence_mortality.png>
Package pdftex.def Info: Figs/melanoma_incidence_mortality.png  used on input line 68.
(pdftex.def)             Requested size: 218.61795pt x 101.4762pt.

Underfull \vbox (badness 1354) has occurred while \output is active []



[1{C:/Users/Jordan/AppData/Local/MiKTeX/fonts/map/pdftex/pdftex.map}{C:/Users/Jordan/AppData/Local/Programs/MiKTeX/fonts/enc/dvips/base/8r.enc}

 <./Figs/melanoma_incidence_mortality.png (PNG copy)>]
<Figs/system_visualization.png, id=76, 2006.49625pt x 532.99126pt>
File: Figs/system_visualization.png Graphic file (type png)
<use Figs/system_visualization.png>
Package pdftex.def Info: Figs/system_visualization.png  used on input line 79.
(pdftex.def)             Requested size: 278.23827pt x 73.90257pt.
<Figs/system_usage_concept.png, id=78, 770.88pt x 660.21657pt>
File: Figs/system_usage_concept.png Graphic file (type png)
<use Figs/system_usage_concept.png>
Package pdftex.def Info: Figs/system_usage_concept.png  used on input line 88.
(pdftex.def)             Requested size: 158.99156pt x 136.16127pt.

Underfull \vbox (badness 7685) has occurred while \output is active []



[2 <./Figs/system_visualization.png> <./Figs/system_usage_concept.png>]
<Figs/google_sheet_tracking.png, id=87, 1129.97156pt x 441.14813pt>
File: Figs/google_sheet_tracking.png Graphic file (type png)
<use Figs/google_sheet_tracking.png>
Package pdftex.def Info: Figs/google_sheet_tracking.png  used on input line 101.
(pdftex.def)             Requested size: 397.48499pt x 155.17825pt.
LaTeX Font Info:    Trying to load font information for TS1+ptm on input line 109.
 (C:\Users\Jordan\AppData\Local\Programs\MiKTeX\tex/latex/psnfss\ts1ptm.fd
File: ts1ptm.fd 2001/06/04 font definitions for TS1/ptm.
)

[3 <./Figs/google_sheet_tracking.png>]
<Figs/sample_class_images.png, id=100, 1042.1334pt x 567.3195pt>
File: Figs/sample_class_images.png Graphic file (type png)
<use Figs/sample_class_images.png>
Package pdftex.def Info: Figs/sample_class_images.png  used on input line 170.
(pdftex.def)             Requested size: 198.7425pt x 108.19002pt.


LaTeX Warning: `h' float specifier changed to `ht'.

<Figs/hair_removal_filter.png, id=103, 1447.4075pt x 501.875pt>
File: Figs/hair_removal_filter.png Graphic file (type png)
<use Figs/hair_removal_filter.png>
Package pdftex.def Info: Figs/hair_removal_filter.png  used on input line 183.
(pdftex.def)             Requested size: 198.7425pt x 68.90656pt.

LaTeX Warning: `h' float specifier changed to `ht'.

<Figs/class_distribution.png, id=104, 1003.75pt x 501.875pt>
File: Figs/class_distribution.png Graphic file (type png)
<use Figs/class_distribution.png>
Package pdftex.def Info: Figs/class_distribution.png  used on input line 192.
(pdftex.def)             Requested size: 317.9892pt x 158.9951pt.


[4]

LaTeX Warning: `h' float specifier changed to `ht'.

<Figs/dataset_split_distribution.png, id=115, 1040.688pt x 572.3784pt>
File: Figs/dataset_split_distribution.png Graphic file (type png)
<use Figs/dataset_split_distribution.png>
Package pdftex.def Info: Figs/dataset_split_distribution.png  used on input line 220.
(pdftex.def)             Requested size: 317.9892pt x 174.89394pt.

LaTeX Warning: `h' float specifier changed to `ht'.


Underfull \vbox (badness 1629) has occurred while \output is active []



[5 <./Figs/sample_class_images.png> <./Figs/hair_removal_filter.png (PNG copy)> <./Figs/class_distribution.png (PNG copy)>]

[6 <./Figs/dataset_split_distribution.png>]
<Figs/baseline_performance.png, id=131, 515.67656pt x 344.03531pt>
File: Figs/baseline_performance.png Graphic file (type png)
<use Figs/baseline_performance.png>
Package pdftex.def Info: Figs/baseline_performance.png  used on input line 251.
(pdftex.def)             Requested size: 238.49341pt x 159.10858pt.
<Figs/model_architecture.png, id=132, 2006.49625pt x 972.63374pt>
File: Figs/model_architecture.png Graphic file (type png)
<use Figs/model_architecture.png>
Package pdftex.def Info: Figs/model_architecture.png  used on input line 262.
(pdftex.def)             Requested size: 278.23827pt x 134.86177pt.

Overfull \hbox (7.34973pt too wide) in paragraph at lines 298--298
[]|\OT1/ptm/m/n/9 WeightedRandomSampler| 
 []


Underfull \hbox (badness 10000) in paragraph at lines 298--298
[]|\OT1/ptm/m/n/9 ReduceLROnPlateau
 []


Underfull \hbox (badness 10000) in paragraph at lines 298--298
[]|\OT1/ptm/m/n/9 CrossEntropyLoss
 []


LaTeX Warning: `h' float specifier changed to `ht'.

<Figs/confusion_matrix.png, id=133, 1040.688pt x 572.3784pt>
File: Figs/confusion_matrix.png Graphic file (type png)
<use Figs/confusion_matrix.png>
Package pdftex.def Info: Figs/confusion_matrix.png  used on input line 304.
(pdftex.def)             Requested size: 278.23827pt x 153.03328pt.

LaTeX Warning: `h' float specifier changed to `ht'.

<Figs/training_validation_loss.png, id=134, 722.7pt x 433.62pt>
File: Figs/training_validation_loss.png Graphic file (type png)
<use Figs/training_validation_loss.png>
Package pdftex.def Info: Figs/training_validation_loss.png  used on input line 311.
(pdftex.def)             Requested size: 198.7425pt x 119.24255pt.

LaTeX Warning: `h' float specifier changed to `ht'.



[7 <./Figs/baseline_performance.png> <./Figs/model_architecture.png>]
<Figs/validation_metrics.png, id=144, 1040.688pt x 572.3784pt>
File: Figs/validation_metrics.png Graphic file (type png)
<use Figs/validation_metrics.png>
Package pdftex.def Info: Figs/validation_metrics.png  used on input line 320.
(pdftex.def)             Requested size: 278.23827pt x 153.03328pt.


LaTeX Warning: `h' float specifier changed to `ht'.



[8 <./Figs/confusion_matrix.png>] (APS360_Progress_Report.bbl

[9 <./Figs/training_validation_loss.png> <./Figs/validation_metrics.png>])

[10] (APS360_Progress_Report.aux)
 ***********
LaTeX2e <2024-11-01> patch level 1
L3 programming layer <2024-12-25>
 ***********
Package rerunfilecheck Info: File `APS360_Progress_Report.out' has not changed.
(rerunfilecheck)             Checksum: 523404EDC3C0409969EF98D937A77A04;2038.
 ) 
Here is how much of TeX's memory you used:
 11487 strings out of 473536
 174822 string characters out of 5714472
 586974 words of memory out of 5000000
 34471 multiletter control sequences out of 15000+600000
 586383 words of font info for 96 fonts, out of 8000000 for 9000
 1141 hyphenation exceptions out of 8191
 75i,11n,79p,1061b,501s stack positions out of 10000i,1000n,20000p,200000b,200000s
<C:/Users/Jordan/AppData/Local/Programs/MiKTeX/fonts/type1/public/amsfonts/cm/cmmi10.pfb><C:/Users/Jordan/AppData/Local/Programs/MiKTeX/fonts/type1/urw/courier/ucrr8a.pfb><C:/Users/Jordan/AppData/Local/Programs/MiKTeX/fonts/type1/urw/times/utmb8a.pfb><C:/Users/Jordan/AppData/Local/Programs/MiKTeX/fonts/type1/urw/times/utmr8a.pfb><C:/Users/Jordan/AppData/Local/Programs/MiKTeX/fonts/type1/urw/times/utmri8a.pfb>
Output written on APS360_Progress_Report.pdf (10 pages, 6078635 bytes).
PDF statistics:
 215 PDF objects out of 1000 (max. 8388607)
 47 named destinations out of 1000 (max. 500000)
 162 words of extra memory for PDF output out of 10000 (max. 10000000)

